# JRE version: OpenJDK Runtime Environment (8.0_152-b01) (build 1.8.0_152-release-915-b01)
# Java VM: OpenJDK 64-Bit Server VM (25.152-b01 mixed mode windows-amd64 compressed oops)
Heap:
 PSYoungGen      total 317440K, used 163847K [0x00000000e0000000, 0x00000000f6a80000, 0x0000000100000000)
  eden space 268800K, 57% used [0x00000000e0000000,0x00000000e967deb0,0x00000000f0680000)
  from space 48640K, 20% used [0x00000000f3b00000,0x00000000f4483ff8,0x00000000f6a80000)
  to   space 51200K, 0% used [0x00000000f0680000,0x00000000f0680000,0x00000000f3880000)
 ParOldGen       total 250880K, used 56114K [0x00000000a0000000, 0x00000000af500000, 0x00000000e0000000)
  object space 250880K, 22% used [0x00000000a0000000,0x00000000a36cc820,0x00000000af500000)
 Metaspace       used 90847K, capacity 99786K, committed 100372K, reserved 1136640K
  class space    used 11301K, capacity 13424K, committed 13588K, reserved 1048576K
GC Heap History (10 events):
Event: 10042.333 GC heap before
{Heap before GC invocations=52 (full 4):
 PSYoungGen      total 308224K, used 261505K [0x00000000e0000000, 0x00000000f6d00000, 0x0000000100000000)
  eden space 249344K, 100% used [0x00000000e0000000,0x00000000ef380000,0x00000000ef380000)
  from space 58880K, 20% used [0x00000000ef380000,0x00000000eff607b0,0x00000000f2d00000)
  to   space 56832K, 0% used [0x00000000f3580000,0x00000000f3580000,0x00000000f6d00000)
 ParOldGen       total 250880K, used 53200K [0x00000000a0000000, 0x00000000af500000, 0x00000000e0000000)
  object space 250880K, 21% used [0x00000000a0000000,0x00000000a33f4028,0x00000000af500000)
 Metaspace       used 90080K, capacity 98258K, committed 99148K, reserved 1134592K
  class space    used 11197K, capacity 13098K, committed 13332K, reserved 1048576K
Event: 10042.389 GC heap after
Heap after GC invocations=52 (full 4):
 PSYoungGen      total 308736K, used 14453K [0x00000000e0000000, 0x00000000f6680000, 0x0000000100000000)
  eden space 258560K, 0% used [0x00000000e0000000,0x00000000e0000000,0x00000000efc80000)
  from space 50176K, 28% used [0x00000000f3580000,0x00000000f439d6b0,0x00000000f6680000)
  to   space 54272K, 0% used [0x00000000efc80000,0x00000000efc80000,0x00000000f3180000)
 ParOldGen       total 250880K, used 53208K [0x00000000a0000000, 0x00000000af500000, 0x00000000e0000000)
  object space 250880K, 21% used [0x00000000a0000000,0x00000000a33f6028,0x00000000af500000)
 Metaspace       used 90080K, capacity 98258K, committed 99148K, reserved 1134592K
  class space    used 11197K, capacity 13098K, committed 13332K, reserved 1048576K
}
Event: 10275.823 GC heap before
{Heap before GC invocations=53 (full 4):
 PSYoungGen      total 308736K, used 273013K [0x00000000e0000000, 0x00000000f6680000, 0x0000000100000000)
  eden space 258560K, 100% used [0x00000000e0000000,0x00000000efc80000,0x00000000efc80000)
  from space 50176K, 28% used [0x00000000f3580000,0x00000000f439d6b0,0x00000000f6680000)
  to   space 54272K, 0% used [0x00000000efc80000,0x00000000efc80000,0x00000000f3180000)
 ParOldGen       total 250880K, used 53208K [0x00000000a0000000, 0x00000000af500000, 0x00000000e0000000)
  object space 250880K, 21% used [0x00000000a0000000,0x00000000a33f6028,0x00000000af500000)
 Metaspace       used 90255K, capacity 98644K, committed 99476K, reserved 1134592K
  class space    used 11220K, capacity 13179K, committed 13460K, reserved 1048576K
Event: 10276.014 GC heap after
Heap after GC invocations=53 (full 4):
 PSYoungGen      total 312832K, used 8665K [0x00000000e0000000, 0x00000000f6c00000, 0x0000000100000000)
  eden space 258560K, 0% used [0x00000000e0000000,0x00000000e0000000,0x00000000efc80000)
  from space 54272K, 15% used [0x00000000efc80000,0x00000000f04f64b0,0x00000000f3180000)
  to   space 53248K, 0% used [0x00000000f3800000,0x00000000f3800000,0x00000000f6c00000)
 ParOldGen       total 250880K, used 53216K [0x00000000a0000000, 0x00000000af500000, 0x00000000e0000000)
  object space 250880K, 21% used [0x00000000a0000000,0x00000000a33f8028,0x00000000af500000)
 Metaspace       used 90255K, capacity 98644K, committed 99476K, reserved 1134592K
  class space    used 11220K, capacity 13179K, committed 13460K, reserved 1048576K
}
Event: 10431.198 GC heap before
{Heap before GC invocations=54 (full 4):
 PSYoungGen      total 312832K, used 267225K [0x00000000e0000000, 0x00000000f6c00000, 0x0000000100000000)
  eden space 258560K, 100% used [0x00000000e0000000,0x00000000efc80000,0x00000000efc80000)
  from space 54272K, 15% used [0x00000000efc80000,0x00000000f04f64b0,0x00000000f3180000)
  to   space 53248K, 0% used [0x00000000f3800000,0x00000000f3800000,0x00000000f6c00000)
 ParOldGen       total 250880K, used 53216K [0x00000000a0000000, 0x00000000af500000, 0x00000000e0000000)
  object space 250880K, 21% used [0x00000000a0000000,0x00000000a33f8028,0x00000000af500000)
 Metaspace       used 90504K, capacity 99028K, committed 99732K, reserved 1136640K
  class space    used 11254K, capacity 13261K, committed 13460K, reserved 1048576K
Event: 10431.216 GC heap after
Heap after GC invocations=54 (full 4):
 PSYoungGen      total 312320K, used 12272K [0x00000000e0000000, 0x00000000f6680000, 0x0000000100000000)
  eden space 264704K, 0% used [0x00000000e0000000,0x00000000e0000000,0x00000000f0280000)
  from space 47616K, 25% used [0x00000000f3800000,0x00000000f43fc0c0,0x00000000f6680000)
  to   space 51200K, 0% used [0x00000000f0280000,0x00000000f0280000,0x00000000f3480000)
 ParOldGen       total 250880K, used 53224K [0x00000000a0000000, 0x00000000af500000, 0x00000000e0000000)
  object space 250880K, 21% used [0x00000000a0000000,0x00000000a33fa028,0x00000000af500000)
 Metaspace       used 90504K, capacity 99028K, committed 99732K, reserved 1136640K
  class space    used 11254K, capacity 13261K, committed 13460K, reserved 1048576K
}
Event: 10682.635 GC heap before
{Heap before GC invocations=55 (full 4):
 PSYoungGen      total 312320K, used 276976K [0x00000000e0000000, 0x00000000f6680000, 0x0000000100000000)
  eden space 264704K, 100% used [0x00000000e0000000,0x00000000f0280000,0x00000000f0280000)
  from space 47616K, 25% used [0x00000000f3800000,0x00000000f43fc0c0,0x00000000f6680000)
  to   space 51200K, 0% used [0x00000000f0280000,0x00000000f0280000,0x00000000f3480000)
 ParOldGen       total 250880K, used 53224K [0x00000000a0000000, 0x00000000af500000, 0x00000000e0000000)
  object space 250880K, 21% used [0x00000000a0000000,0x00000000a33fa028,0x00000000af500000)
 Metaspace       used 90645K, capacity 99160K, committed 100116K, reserved 1136640K
  class space    used 11267K, capacity 13303K, committed 13588K, reserved 1048576K
Event: 10682.792 GC heap after
Heap after GC invocations=55 (full 4):
 PSYoungGen      total 315904K, used 32111K [0x00000000e0000000, 0x00000000f6e80000, 0x0000000100000000)
  eden space 264704K, 0% used [0x00000000e0000000,0x00000000e0000000,0x00000000f0280000)
  from space 51200K, 62% used [0x00000000f0280000,0x00000000f21dbc50,0x00000000f3480000)
  to   space 52736K, 0% used [0x00000000f3b00000,0x00000000f3b00000,0x00000000f6e80000)
 ParOldGen       total 250880K, used 55962K [0x00000000a0000000, 0x00000000af500000, 0x00000000e0000000)
  object space 250880K, 22% used [0x00000000a0000000,0x00000000a36a6ac8,0x00000000af500000)
 Metaspace       used 90645K, capacity 99160K, committed 100116K, reserved 1136640K
  class space    used 11267K, capacity 13303K, committed 13588K, reserved 1048576K
}
Event: 10864.679 GC heap before
{Heap before GC invocations=56 (full 4):
 PSYoungGen      total 315904K, used 296815K [0x00000000e0000000, 0x00000000f6e80000, 0x0000000100000000)
  eden space 264704K, 100% used [0x00000000e0000000,0x00000000f0280000,0x00000000f0280000)
  from space 51200K, 62% used [0x00000000f0280000,0x00000000f21dbc50,0x00000000f3480000)
  to   space 52736K, 0% used [0x00000000f3b00000,0x00000000f3b00000,0x00000000f6e80000)
 ParOldGen       total 250880K, used 55962K [0x00000000a0000000, 0x00000000af500000, 0x00000000e0000000)
  object space 250880K, 22% used [0x00000000a0000000,0x00000000a36a6ac8,0x00000000af500000)
 Metaspace       used 90788K, capacity 99666K, committed 100372K, reserved 1136640K
  class space    used 11290K, capacity 13384K, committed 13588K, reserved 1048576K
Event: 10864.713 GC heap after
Heap after GC invocations=56 (full 4):
 PSYoungGen      total 317440K, used 9743K [0x00000000e0000000, 0x00000000f6a80000, 0x0000000100000000)
  eden space 268800K, 0% used [0x00000000e0000000,0x00000000e0000000,0x00000000f0680000)
  from space 48640K, 20% used [0x00000000f3b00000,0x00000000f4483ff8,0x00000000f6a80000)
  to   space 51200K, 0% used [0x00000000f0680000,0x00000000f0680000,0x00000000f3880000)
 ParOldGen       total 250880K, used 56114K [0x00000000a0000000, 0x00000000af500000, 0x00000000e0000000)
  object space 250880K, 22% used [0x00000000a0000000,0x00000000a36cc820,0x00000000af500000)
 Metaspace       used 90788K, capacity 99666K, committed 100372K, reserved 1136640K
  class space    used 11290K, capacity 13384K, committed 13588K, reserved 1048576K
}

